<?xml version="1.0" encoding="UTF-8"?>
<testsuite xmlns:xsi="http://www.w3.org/2001/XMLSchema-instance" xsi:noNamespaceSchemaLocation="https://maven.apache.org/surefire/maven-surefire-plugin/xsd/surefire-test-report.xsd" name="cms.sre.mongo_connection_helper.MongoClientParametersTest" time="0.023" tests="10" errors="0" skipped="0" failures="0">
  <properties>
[...]
</properties>
  <testcase name="mongoUserNameTest" classname="cms.sre.mongo_connection_helper.MongoClientParametersTest" time="0.018"/>
  <testcase name="keyStorePasswordTest" classname="cms.sre.mongo_connection_helper.MongoClientParametersTest" time="0.005"/>
  <testcase name="keyStoreKeyPasswordTest" classname="cms.sre.mongo_connection_helper.MongoClientParametersTest" time="0.003"/>
  <testcase name="replicaSetNameTest" classname="cms.sre.mongo_connection_helper.MongoClientParametersTest" time="0.012"/>
  <testcase name="replicaSetLocationTest" classname="cms.sre.mongo_connection_helper.MongoClientParametersTest" time="0.01"/>
  <testcase name="trustStoreLocationTest" classname="cms.sre.mongo_connection_helper.MongoClientParametersTest" time="0.015"/>
  <testcase name="keyStoreLocationTest" classname="cms.sre.mongo_connection_helper.MongoClientParametersTest" time="0.008"/>
  <testcase name="trustStorePasswordTest" classname="cms.sre.mongo_connection_helper.MongoClientParametersTest" time="0.023"/>
  <testcase name="mongoPasswordTest" classname="cms.sre.mongo_connection_helper.MongoClientParametersTest" time="0.022"/>
  <testcase name="constructorTest" classname="cms.sre.mongo_connection_helper.MongoClientParametersTest" time="0.02"/>
</testsuite>