<?xml version="1.0" encoding="UTF-8"?>
<testsuite xmlns:xsi="http://www.w3.org/2001/XMLSchema-instance" xsi:noNamespaceSchemaLocation="https://maven.apache.org/surefire/maven-surefire-plugin/xsd/surefire-test-report.xsd" name="cms.sre.mongo_connection_helper.MongoClientFactoryTest" time="30.863" tests="1" errors="1" skipped="0" failures="0">
  <properties>
[...]
</properties>
  <testcase name="localHostMongoClientTest" classname="cms.sre.mongo_connection_helper.MongoClientFactoryTest" time="30.863">
    <error message="Timed out after 30000 ms while waiting to connect. Client view of cluster state is {type=UNKNOWN, servers=[{address=127.0.0.1:27017, type=UNKNOWN, state=CONNECTING, exception={com.mongodb.MongoSocketOpenException: Exception opening socket}, caused by {java.net.ConnectException: Connection refused: connect}}]" type="com.mongodb.MongoTimeoutException">com.mongodb.MongoTimeoutException: Timed out after 30000 ms while waiting to connect. Client view of cluster state is {type=UNKNOWN, servers=[{address=127.0.0.1:27017, type=UNKNOWN, state=CONNECTING, exception={com.mongodb.MongoSocketOpenException: Exception opening socket}, caused by {java.net.ConnectException: Connection refused: connect}}]
	at cms.sre.mongo_connection_helper.MongoClientFactoryTest.localHostMongoClientTest(MongoClientFactoryTest.java:15)
</error>
    <system-out><![CDATA[13:36:15.737 [pool-1-thread-1] INFO org.mongodb.driver.cluster - Cluster created with settings {hosts=[127.0.0.1:27017], mode=SINGLE, requiredClusterType=UNKNOWN, serverSelectionTimeout='30000 ms', maxWaitQueueSize=500}
13:36:15.771 [pool-1-thread-1] DEBUG org.mongodb.driver.cluster - Updating cluster description to  {type=UNKNOWN, servers=[{address=127.0.0.1:27017, type=UNKNOWN, state=CONNECTING}]
13:36:15.776 [pool-1-thread-1] INFO org.mongodb.driver.cluster - Cluster description not yet available. Waiting for 30000 ms before timing out
13:36:16.788 [cluster-ClusterId{value='5aac008f844e180de45d218c', description='null'}-127.0.0.1:27017] DEBUG org.mongodb.driver.connection - Closing connection connectionId{localValue:1}
13:36:16.791 [cluster-ClusterId{value='5aac008f844e180de45d218c', description='null'}-127.0.0.1:27017] INFO org.mongodb.driver.cluster - Exception in monitor thread while connecting to server 127.0.0.1:27017
com.mongodb.MongoSocketOpenException: Exception opening socket
	at com.mongodb.connection.SocketStream.open(SocketStream.java:62)
	at com.mongodb.connection.InternalStreamConnection.open(InternalStreamConnection.java:126)
	at com.mongodb.connection.DefaultServerMonitor$ServerMonitorRunnable.run(DefaultServerMonitor.java:114)
	at java.lang.Thread.run(Thread.java:748)
Caused by: java.net.ConnectException: Connection refused: connect
	at java.net.DualStackPlainSocketImpl.waitForConnect(Native Method)
	at java.net.DualStackPlainSocketImpl.socketConnect(DualStackPlainSocketImpl.java:85)
	at java.net.AbstractPlainSocketImpl.doConnect(AbstractPlainSocketImpl.java:350)
	at java.net.AbstractPlainSocketImpl.connectToAddress(AbstractPlainSocketImpl.java:206)
	at java.net.AbstractPlainSocketImpl.connect(AbstractPlainSocketImpl.java:188)
	at java.net.PlainSocketImpl.connect(PlainSocketImpl.java:172)
	at java.net.SocksSocketImpl.connect(SocksSocketImpl.java:392)
	at java.net.Socket.connect(Socket.java:589)
	at com.mongodb.connection.SocketStreamHelper.initialize(SocketStreamHelper.java:59)
	at com.mongodb.connection.SocketStream.open(SocketStream.java:57)
	... 3 common frames omitted
13:36:16.792 [cluster-ClusterId{value='5aac008f844e180de45d218c', description='null'}-127.0.0.1:27017] DEBUG org.mongodb.driver.cluster - Updating cluster description to  {type=UNKNOWN, servers=[{address=127.0.0.1:27017, type=UNKNOWN, state=CONNECTING, exception={com.mongodb.MongoSocketOpenException: Exception opening socket}, caused by {java.net.ConnectException: Connection refused: connect}}]
13:36:18.295 [cluster-ClusterId{value='5aac008f844e180de45d218c', description='null'}-127.0.0.1:27017] DEBUG org.mongodb.driver.connection - Closing connection connectionId{localValue:2}
13:36:18.295 [cluster-ClusterId{value='5aac008f844e180de45d218c', description='null'}-127.0.0.1:27017] DEBUG org.mongodb.driver.cluster - Updating cluster description to  {type=UNKNOWN, servers=[{address=127.0.0.1:27017, type=UNKNOWN, state=CONNECTING, exception={com.mongodb.MongoSocketOpenException: Exception opening socket}, caused by {java.net.ConnectException: Connection refused: connect}}]
13:36:19.798 [cluster-ClusterId{value='5aac008f844e180de45d218c', description='null'}-127.0.0.1:27017] DEBUG org.mongodb.driver.connection - Closing connection connectionId{localValue:3}
13:36:19.798 [cluster-ClusterId{value='5aac008f844e180de45d218c', description='null'}-127.0.0.1:27017] DEBUG org.mongodb.driver.cluster - Updating cluster description to  {type=UNKNOWN, servers=[{address=127.0.0.1:27017, type=UNKNOWN, state=CONNECTING, exception={com.mongodb.MongoSocketOpenException: Exception opening socket}, caused by {java.net.ConnectException: Connection refused: connect}}]
13:36:21.299 [cluster-ClusterId{value='5aac008f844e180de45d218c', description='null'}-127.0.0.1:27017] DEBUG org.mongodb.driver.connection - Closing connection connectionId{localValue:4}
13:36:21.299 [cluster-ClusterId{value='5aac008f844e180de45d218c', description='null'}-127.0.0.1:27017] DEBUG org.mongodb.driver.cluster - Updating cluster description to  {type=UNKNOWN, servers=[{address=127.0.0.1:27017, type=UNKNOWN, state=CONNECTING, exception={com.mongodb.MongoSocketOpenException: Exception opening socket}, caused by {java.net.ConnectException: Connection refused: connect}}]
13:36:22.809 [cluster-ClusterId{value='5aac008f844e180de45d218c', description='null'}-127.0.0.1:27017] DEBUG org.mongodb.driver.connection - Closing connection connectionId{localValue:5}
13:36:22.809 [cluster-ClusterId{value='5aac008f844e180de45d218c', description='null'}-127.0.0.1:27017] DEBUG org.mongodb.driver.cluster - Updating cluster description to  {type=UNKNOWN, servers=[{address=127.0.0.1:27017, type=UNKNOWN, state=CONNECTING, exception={com.mongodb.MongoSocketOpenException: Exception opening socket}, caused by {java.net.ConnectException: Connection refused: connect}}]
13:36:24.312 [cluster-ClusterId{value='5aac008f844e180de45d218c', description='null'}-127.0.0.1:27017] DEBUG org.mongodb.driver.connection - Closing connection connectionId{localValue:6}
13:36:24.312 [cluster-ClusterId{value='5aac008f844e180de45d218c', description='null'}-127.0.0.1:27017] DEBUG org.mongodb.driver.cluster - Updating cluster description to  {type=UNKNOWN, servers=[{address=127.0.0.1:27017, type=UNKNOWN, state=CONNECTING, exception={com.mongodb.MongoSocketOpenException: Exception opening socket}, caused by {java.net.ConnectException: Connection refused: connect}}]
13:36:25.816 [cluster-ClusterId{value='5aac008f844e180de45d218c', description='null'}-127.0.0.1:27017] DEBUG org.mongodb.driver.connection - Closing connection connectionId{localValue:7}
13:36:25.816 [cluster-ClusterId{value='5aac008f844e180de45d218c', description='null'}-127.0.0.1:27017] DEBUG org.mongodb.driver.cluster - Updating cluster description to  {type=UNKNOWN, servers=[{address=127.0.0.1:27017, type=UNKNOWN, state=CONNECTING, exception={com.mongodb.MongoSocketOpenException: Exception opening socket}, caused by {java.net.ConnectException: Connection refused: connect}}]
13:36:27.319 [cluster-ClusterId{value='5aac008f844e180de45d218c', description='null'}-127.0.0.1:27017] DEBUG org.mongodb.driver.connection - Closing connection connectionId{localValue:8}
13:36:27.319 [cluster-ClusterId{value='5aac008f844e180de45d218c', description='null'}-127.0.0.1:27017] DEBUG org.mongodb.driver.cluster - Updating cluster description to  {type=UNKNOWN, servers=[{address=127.0.0.1:27017, type=UNKNOWN, state=CONNECTING, exception={com.mongodb.MongoSocketOpenException: Exception opening socket}, caused by {java.net.ConnectException: Connection refused: connect}}]
13:36:28.823 [cluster-ClusterId{value='5aac008f844e180de45d218c', description='null'}-127.0.0.1:27017] DEBUG org.mongodb.driver.connection - Closing connection connectionId{localValue:9}
13:36:28.823 [cluster-ClusterId{value='5aac008f844e180de45d218c', description='null'}-127.0.0.1:27017] DEBUG org.mongodb.driver.cluster - Updating cluster description to  {type=UNKNOWN, servers=[{address=127.0.0.1:27017, type=UNKNOWN, state=CONNECTING, exception={com.mongodb.MongoSocketOpenException: Exception opening socket}, caused by {java.net.ConnectException: Connection refused: connect}}]
13:36:30.325 [cluster-ClusterId{value='5aac008f844e180de45d218c', description='null'}-127.0.0.1:27017] DEBUG org.mongodb.driver.connection - Closing connection connectionId{localValue:10}
13:36:30.325 [cluster-ClusterId{value='5aac008f844e180de45d218c', description='null'}-127.0.0.1:27017] DEBUG org.mongodb.driver.cluster - Updating cluster description to  {type=UNKNOWN, servers=[{address=127.0.0.1:27017, type=UNKNOWN, state=CONNECTING, exception={com.mongodb.MongoSocketOpenException: Exception opening socket}, caused by {java.net.ConnectException: Connection refused: connect}}]
13:36:31.827 [cluster-ClusterId{value='5aac008f844e180de45d218c', description='null'}-127.0.0.1:27017] DEBUG org.mongodb.driver.connection - Closing connection connectionId{localValue:11}
13:36:31.827 [cluster-ClusterId{value='5aac008f844e180de45d218c', description='null'}-127.0.0.1:27017] DEBUG org.mongodb.driver.cluster - Updating cluster description to  {type=UNKNOWN, servers=[{address=127.0.0.1:27017, type=UNKNOWN, state=CONNECTING, exception={com.mongodb.MongoSocketOpenException: Exception opening socket}, caused by {java.net.ConnectException: Connection refused: connect}}]
13:36:33.330 [cluster-ClusterId{value='5aac008f844e180de45d218c', description='null'}-127.0.0.1:27017] DEBUG org.mongodb.driver.connection - Closing connection connectionId{localValue:12}
13:36:33.330 [cluster-ClusterId{value='5aac008f844e180de45d218c', description='null'}-127.0.0.1:27017] DEBUG org.mongodb.driver.cluster - Updating cluster description to  {type=UNKNOWN, servers=[{address=127.0.0.1:27017, type=UNKNOWN, state=CONNECTING, exception={com.mongodb.MongoSocketOpenException: Exception opening socket}, caused by {java.net.ConnectException: Connection refused: connect}}]
13:36:34.833 [cluster-ClusterId{value='5aac008f844e180de45d218c', description='null'}-127.0.0.1:27017] DEBUG org.mongodb.driver.connection - Closing connection connectionId{localValue:13}
13:36:34.833 [cluster-ClusterId{value='5aac008f844e180de45d218c', description='null'}-127.0.0.1:27017] DEBUG org.mongodb.driver.cluster - Updating cluster description to  {type=UNKNOWN, servers=[{address=127.0.0.1:27017, type=UNKNOWN, state=CONNECTING, exception={com.mongodb.MongoSocketOpenException: Exception opening socket}, caused by {java.net.ConnectException: Connection refused: connect}}]
13:36:36.334 [cluster-ClusterId{value='5aac008f844e180de45d218c', description='null'}-127.0.0.1:27017] DEBUG org.mongodb.driver.connection - Closing connection connectionId{localValue:14}
13:36:36.334 [cluster-ClusterId{value='5aac008f844e180de45d218c', description='null'}-127.0.0.1:27017] DEBUG org.mongodb.driver.cluster - Updating cluster description to  {type=UNKNOWN, servers=[{address=127.0.0.1:27017, type=UNKNOWN, state=CONNECTING, exception={com.mongodb.MongoSocketOpenException: Exception opening socket}, caused by {java.net.ConnectException: Connection refused: connect}}]
13:36:37.836 [cluster-ClusterId{value='5aac008f844e180de45d218c', description='null'}-127.0.0.1:27017] DEBUG org.mongodb.driver.connection - Closing connection connectionId{localValue:15}
13:36:37.836 [cluster-ClusterId{value='5aac008f844e180de45d218c', description='null'}-127.0.0.1:27017] DEBUG org.mongodb.driver.cluster - Updating cluster description to  {type=UNKNOWN, servers=[{address=127.0.0.1:27017, type=UNKNOWN, state=CONNECTING, exception={com.mongodb.MongoSocketOpenException: Exception opening socket}, caused by {java.net.ConnectException: Connection refused: connect}}]
13:36:39.338 [cluster-ClusterId{value='5aac008f844e180de45d218c', description='null'}-127.0.0.1:27017] DEBUG org.mongodb.driver.connection - Closing connection connectionId{localValue:16}
13:36:39.338 [cluster-ClusterId{value='5aac008f844e180de45d218c', description='null'}-127.0.0.1:27017] DEBUG org.mongodb.driver.cluster - Updating cluster description to  {type=UNKNOWN, servers=[{address=127.0.0.1:27017, type=UNKNOWN, state=CONNECTING, exception={com.mongodb.MongoSocketOpenException: Exception opening socket}, caused by {java.net.ConnectException: Connection refused: connect}}]
13:36:40.841 [cluster-ClusterId{value='5aac008f844e180de45d218c', description='null'}-127.0.0.1:27017] DEBUG org.mongodb.driver.connection - Closing connection connectionId{localValue:17}
13:36:40.841 [cluster-ClusterId{value='5aac008f844e180de45d218c', description='null'}-127.0.0.1:27017] DEBUG org.mongodb.driver.cluster - Updating cluster description to  {type=UNKNOWN, servers=[{address=127.0.0.1:27017, type=UNKNOWN, state=CONNECTING, exception={com.mongodb.MongoSocketOpenException: Exception opening socket}, caused by {java.net.ConnectException: Connection refused: connect}}]
13:36:42.343 [cluster-ClusterId{value='5aac008f844e180de45d218c', description='null'}-127.0.0.1:27017] DEBUG org.mongodb.driver.connection - Closing connection connectionId{localValue:18}
13:36:42.343 [cluster-ClusterId{value='5aac008f844e180de45d218c', description='null'}-127.0.0.1:27017] DEBUG org.mongodb.driver.cluster - Updating cluster description to  {type=UNKNOWN, servers=[{address=127.0.0.1:27017, type=UNKNOWN, state=CONNECTING, exception={com.mongodb.MongoSocketOpenException: Exception opening socket}, caused by {java.net.ConnectException: Connection refused: connect}}]
13:36:43.848 [cluster-ClusterId{value='5aac008f844e180de45d218c', description='null'}-127.0.0.1:27017] DEBUG org.mongodb.driver.connection - Closing connection connectionId{localValue:19}
13:36:43.848 [cluster-ClusterId{value='5aac008f844e180de45d218c', description='null'}-127.0.0.1:27017] DEBUG org.mongodb.driver.cluster - Updating cluster description to  {type=UNKNOWN, servers=[{address=127.0.0.1:27017, type=UNKNOWN, state=CONNECTING, exception={com.mongodb.MongoSocketOpenException: Exception opening socket}, caused by {java.net.ConnectException: Connection refused: connect}}]
13:36:45.350 [cluster-ClusterId{value='5aac008f844e180de45d218c', description='null'}-127.0.0.1:27017] DEBUG org.mongodb.driver.connection - Closing connection connectionId{localValue:20}
13:36:45.350 [cluster-ClusterId{value='5aac008f844e180de45d218c', description='null'}-127.0.0.1:27017] DEBUG org.mongodb.driver.cluster - Updating cluster description to  {type=UNKNOWN, servers=[{address=127.0.0.1:27017, type=UNKNOWN, state=CONNECTING, exception={com.mongodb.MongoSocketOpenException: Exception opening socket}, caused by {java.net.ConnectException: Connection refused: connect}}]
]]></system-out>
  </testcase>
</testsuite>